------------------------------------------------------------------------------------------------------------------------

[2018-06-26 10:10:42 #1 store] 
Database 'D:\Loic\Documents\NetBeansProjects\JavaPlatform\build\web\WEB-INF\db\points.odb' is opened by 8492@PC-DE-LOIC-1

[2018-06-26 10:10:42 #2 store] 
Configuration path: ?

[2018-06-26 10:10:42 #3 type.registry] 
New type com.JavaPlatform.users.User

[2018-06-26 10:10:42 #4 type] 
Type com.JavaPlatform.users.User is not enhanced.

[2018-06-26 10:10:42 #5 store] 
Database 'D:\Loic\Documents\NetBeansProjects\JavaPlatform\build\web\WEB-INF\db\points.odb' is closed by 8492@PC-DE-LOIC-1

------------------------------------------------------------------------------------------------------------------------

[2018-06-26 10:11:18 #1 store] 
Database 'D:\Loic\Documents\NetBeansProjects\JavaPlatform\build\web\WEB-INF\db\points.odb' is opened by 8492@PC-DE-LOIC-1

[2018-06-26 10:11:18 #2 store] 
Configuration path: ?

[2018-06-26 10:11:18 #3 type] 
Type com.JavaPlatform.users.User is not enhanced.

[2018-06-26 10:11:18 #4 store] 
Database 'D:\Loic\Documents\NetBeansProjects\JavaPlatform\build\web\WEB-INF\db\points.odb' is closed by 8492@PC-DE-LOIC-1

------------------------------------------------------------------------------------------------------------------------

[2018-06-26 10:13:50 #1 store] 
Database 'D:\Loic\Documents\NetBeansProjects\JavaPlatform\build\web\WEB-INF\db\points.odb' is opened by 8492@PC-DE-LOIC-1

[2018-06-26 10:13:50 #2 store] 
Configuration path: ?

[2018-06-26 10:13:50 #3 type] 
Type com.JavaPlatform.users.User is not enhanced.

[2018-06-26 10:13:50 #4 store] 
Database 'D:\Loic\Documents\NetBeansProjects\JavaPlatform\build\web\WEB-INF\db\points.odb' is closed by 8492@PC-DE-LOIC-1

------------------------------------------------------------------------------------------------------------------------

[2018-06-26 10:21:29 #1 store] 
Database 'D:\Loic\Documents\NetBeansProjects\JavaPlatform\build\web\WEB-INF\db\points.odb' is opened by 8492@PC-DE-LOIC-1

[2018-06-26 10:21:29 #2 store] 
Configuration path: ?

[2018-06-26 10:21:29 #3 type] 
Type com.JavaPlatform.users.User is not enhanced.

[2018-06-26 10:21:29 #4 store] 
Database 'D:\Loic\Documents\NetBeansProjects\JavaPlatform\build\web\WEB-INF\db\points.odb' is closed by 8492@PC-DE-LOIC-1

------------------------------------------------------------------------------------------------------------------------

[2018-06-26 10:22:08 #1 store] 
Database 'D:\Loic\Documents\NetBeansProjects\JavaPlatform\build\web\WEB-INF\db\points.odb' is opened by 8492@PC-DE-LOIC-1

[2018-06-26 10:22:08 #2 store] 
Configuration path: ?

[2018-06-26 10:22:08 #3 type] 
Type com.JavaPlatform.users.User is not enhanced.

[2018-06-26 10:22:08 #4 store] 
Database 'D:\Loic\Documents\NetBeansProjects\JavaPlatform\build\web\WEB-INF\db\points.odb' is closed by 8492@PC-DE-LOIC-1

------------------------------------------------------------------------------------------------------------------------

[2018-06-26 10:22:15 #1 store] 
Database 'D:\Loic\Documents\NetBeansProjects\JavaPlatform\build\web\WEB-INF\db\points.odb' is opened by 8492@PC-DE-LOIC-1

[2018-06-26 10:22:15 #2 store] 
Configuration path: ?

[2018-06-26 10:22:15 #3 type] 
Type com.JavaPlatform.users.User is not enhanced.

[2018-06-26 10:22:15 #4 store] 
Database 'D:\Loic\Documents\NetBeansProjects\JavaPlatform\build\web\WEB-INF\db\points.odb' is closed by 8492@PC-DE-LOIC-1

------------------------------------------------------------------------------------------------------------------------

[2018-06-26 10:23:14 #1 store] 
Database 'D:\Loic\Documents\NetBeansProjects\JavaPlatform\build\web\WEB-INF\db\points.odb' is opened by 8492@PC-DE-LOIC-1

[2018-06-26 10:23:14 #2 store] 
Configuration path: ?

[2018-06-26 10:23:14 #3 type] 
Type com.JavaPlatform.users.User is not enhanced.

[2018-06-26 10:23:14 #4 store] 
Database 'D:\Loic\Documents\NetBeansProjects\JavaPlatform\build\web\WEB-INF\db\points.odb' is closed by 8492@PC-DE-LOIC-1

[2018-06-26 10:23:21 #5 store] 
Database 'D:\Loic\Documents\NetBeansProjects\JavaPlatform\build\web\WEB-INF\db\points.odb' is opened by 8492@PC-DE-LOIC-1

[2018-06-26 10:23:21 #6 store] 
Configuration path: ?

------------------------------------------------------------------------------------------------------------------------

[2018-06-26 10:33:06 #1 store] 
Database 'D:\Loic\Documents\NetBeansProjects\JavaPlatform\build\web\WEB-INF\db\points.odb' is opened by 19244@PC-DE-LOIC-1

[2018-06-26 10:33:06 #2 store] 
Configuration path: ?

[2018-06-26 10:33:06 #3 type] 
Type com.JavaPlatform.users.User is not enhanced.

------------------------------------------------------------------------------------------------------------------------

[2018-06-26 10:44:29 #1 store] 
Database 'D:\Loic\Documents\NetBeansProjects\JavaPlatform\build\web\WEB-INF\db\JavaPlatformDB.odb' is opened by 19244@PC-DE-LOIC-1

[2018-06-26 10:44:29 #2 store] 
Configuration path: ?

